<?xml version="1.0" encoding="UTF-8"?>
<!-- Generated by org.testng.reporters.JUnitXMLReporter -->
<testsuite hostname="Lenovo-PC" ignored="0" name="Test" tests="3" failures="0" timestamp="2020-05-12T16:17:02 IST" time="389.823" errors="0">
  <testcase name="totalValidation" time="210.545" classname="mobile.AppiumFramework.TestCase3"/>
  <testcase name="setWIFI" time="107.033" classname="mobile.AppiumFramework.ApiDemos"/>
  <testcase name="setWIFI" time="68.347" classname="mobile.AppiumFramework.ApiDemos"/>
</testsuite> <!-- Test -->
