<?xml version="1.0" encoding="UTF-8"?>
<!-- Generated by org.testng.reporters.JUnitXMLReporter -->
<testsuite hostname="Lenovo-PC" ignored="0" name="Test" tests="3" failures="0" timestamp="2020-05-13T15:12:06 IST" time="285.011" errors="0">
  <testcase name="totalValidation" time="179.194" classname="mobile.AppiumFramework.TestCase3"/>
  <testcase name="setWIFI" time="60.885" classname="mobile.AppiumFramework.ApiDemos"/>
  <testcase name="setWIFI" time="41.736" classname="mobile.AppiumFramework.ApiDemos"/>
</testsuite> <!-- Test -->
