<?xml version="1.0" encoding="UTF-8"?>
<testng-results skipped="0" failed="0" ignored="0" total="3" passed="3">
  <reporter-output>
  </reporter-output>
  <suite name="Suite" duration-ms="285011" started-at="2020-05-13T15:07:21 IST" finished-at="2020-05-13T15:12:06 IST">
    <groups>
    </groups>
    <test name="Test" duration-ms="285011" started-at="2020-05-13T15:07:21 IST" finished-at="2020-05-13T15:12:06 IST">
      <class name="mobile.AppiumFramework.ApiDemos">
        <test-method status="PASS" signature="setWIFI(java.lang.String)[pri:0, instance:mobile.AppiumFramework.ApiDemos@6737fd8f]" name="setWIFI" duration-ms="60885" started-at="2020-05-13T15:10:23 IST" data-provider="InputData" finished-at="2020-05-13T15:11:24 IST">
          <params>
            <param index="0">
              <value>
                <![CDATA[hello]]>
              </value>
            </param>
          </params>
          <reporter-output>
          </reporter-output>
        </test-method> <!-- setWIFI -->
        <test-method status="PASS" signature="setWIFI(java.lang.String)[pri:0, instance:mobile.AppiumFramework.ApiDemos@6737fd8f]" name="setWIFI" duration-ms="41736" started-at="2020-05-13T15:11:24 IST" data-provider="InputData" finished-at="2020-05-13T15:12:06 IST">
          <params>
            <param index="0">
              <value>
                <![CDATA[!@#$]]>
              </value>
            </param>
          </params>
          <reporter-output>
          </reporter-output>
        </test-method> <!-- setWIFI -->
      </class> <!-- mobile.AppiumFramework.ApiDemos -->
      <class name="mobile.AppiumFramework.TestCase3">
        <test-method status="PASS" signature="killAllNodes()[pri:0, instance:mobile.AppiumFramework.TestCase3@1efed156]" name="killAllNodes" is-config="true" duration-ms="3029" started-at="2020-05-13T15:07:21 IST" finished-at="2020-05-13T15:07:24 IST">
          <reporter-output>
          </reporter-output>
        </test-method> <!-- killAllNodes -->
        <test-method status="PASS" signature="totalValidation()[pri:0, instance:mobile.AppiumFramework.TestCase3@1efed156]" name="totalValidation" duration-ms="179194" started-at="2020-05-13T15:07:24 IST" finished-at="2020-05-13T15:10:23 IST">
          <reporter-output>
          </reporter-output>
        </test-method> <!-- totalValidation -->
        <test-method status="PASS" signature="killServices()[pri:0, instance:mobile.AppiumFramework.TestCase3@1efed156]" name="killServices" is-config="true" duration-ms="10" started-at="2020-05-13T15:12:06 IST" finished-at="2020-05-13T15:12:06 IST">
          <reporter-output>
          </reporter-output>
        </test-method> <!-- killServices -->
      </class> <!-- mobile.AppiumFramework.TestCase3 -->
    </test> <!-- Test -->
  </suite> <!-- Suite -->
</testng-results>
