<?xml version="1.0" encoding="UTF-8"?>
<testng-results skipped="0" failed="0" ignored="0" total="3" passed="3">
  <reporter-output>
  </reporter-output>
  <suite name="Suite" duration-ms="389823" started-at="2020-05-12T16:10:16 IST" finished-at="2020-05-12T16:16:46 IST">
    <groups>
    </groups>
    <test name="Test" duration-ms="389823" started-at="2020-05-12T16:10:16 IST" finished-at="2020-05-12T16:16:46 IST">
      <class name="mobile.AppiumFramework.ApiDemos">
        <test-method status="PASS" signature="setWIFI(java.lang.String)[pri:0, instance:mobile.AppiumFramework.ApiDemos@69b0fd6f]" name="setWIFI" duration-ms="107033" started-at="2020-05-12T16:13:50 IST" data-provider="InputData" finished-at="2020-05-12T16:15:37 IST">
          <params>
            <param index="0">
              <value>
                <![CDATA[hello]]>
              </value>
            </param>
          </params>
          <reporter-output>
          </reporter-output>
        </test-method> <!-- setWIFI -->
        <test-method status="PASS" signature="setWIFI(java.lang.String)[pri:0, instance:mobile.AppiumFramework.ApiDemos@69b0fd6f]" name="setWIFI" duration-ms="68347" started-at="2020-05-12T16:15:37 IST" data-provider="InputData" finished-at="2020-05-12T16:16:45 IST">
          <params>
            <param index="0">
              <value>
                <![CDATA[!@#$]]>
              </value>
            </param>
          </params>
          <reporter-output>
          </reporter-output>
        </test-method> <!-- setWIFI -->
      </class> <!-- mobile.AppiumFramework.ApiDemos -->
      <class name="mobile.AppiumFramework.TestCase3">
        <test-method status="PASS" signature="killAllNodes()[pri:0, instance:mobile.AppiumFramework.TestCase3@462d5aee]" name="killAllNodes" is-config="true" duration-ms="3030" started-at="2020-05-12T16:10:16 IST" finished-at="2020-05-12T16:10:19 IST">
          <reporter-output>
          </reporter-output>
        </test-method> <!-- killAllNodes -->
        <test-method status="PASS" signature="totalValidation()[pri:0, instance:mobile.AppiumFramework.TestCase3@462d5aee]" name="totalValidation" duration-ms="210545" started-at="2020-05-12T16:10:19 IST" finished-at="2020-05-12T16:13:50 IST">
          <reporter-output>
          </reporter-output>
        </test-method> <!-- totalValidation -->
        <test-method status="PASS" signature="killServices()[pri:0, instance:mobile.AppiumFramework.TestCase3@462d5aee]" name="killServices" is-config="true" duration-ms="628" started-at="2020-05-12T16:16:45 IST" finished-at="2020-05-12T16:16:46 IST">
          <reporter-output>
          </reporter-output>
        </test-method> <!-- killServices -->
      </class> <!-- mobile.AppiumFramework.TestCase3 -->
    </test> <!-- Test -->
  </suite> <!-- Suite -->
</testng-results>
